<?xml version="1.0" encoding="UTF-8"?>
<!-- Generated by org.testng.reporters.JUnitReportReporter -->
<testsuite hostname="TYSS-Chaithra" failures="0" tests="1" name="demo.PrcaticeTest" time="0.008" errors="0" timestamp="2022-11-22T11:01:22 IST" skipped="0">
  <testcase classname="demo.PrcaticeTest" name="practice" time="0.008"/>
  <system-out/>
</testsuite> <!-- demo.PrcaticeTest -->
