<?xml version="1.0" encoding="UTF-8"?>
<!-- Generated by org.testng.reporters.JUnitReportReporter -->
<testsuite hostname="TYSS-Chaithra" failures="0" tests="1" name="demo.SampleTest" time="0.006" errors="0" timestamp="2022-11-21T10:20:55 IST" skipped="0">
  <testcase classname="demo.SampleTest" name="test" time="0.006"/>
  <system-out/>
</testsuite> <!-- demo.SampleTest -->
